<?xml version="1.0" encoding="UTF-8"?>
<testsuite name="test.java.SILab2Test" tests="2" skipped="0" failures="0" errors="0" timestamp="2023-05-31T11:00:36" hostname="DESKTOP-TCV39I5" time="0.043">
  <properties/>
  <testcase name="testMultipleConditionCriterion()" classname="test.java.SILab2Test" time="0.04"/>
  <testcase name="testEveryBranchCriterion()" classname="test.java.SILab2Test" time="0.001"/>
  <system-out><![CDATA[]]></system-out>
  <system-err><![CDATA[]]></system-err>
</testsuite>
